{"/home/igor/curso-oo/src/models/ContaBancaria.ts": {"path":"/home/igor/curso-oo/src/models/ContaBancaria.ts","statementMap":{"0":{"start":{"line":1,"column":0},"end":{"line":1,"column":13}},"1":{"start":{"line":7,"column":4},"end":{"line":7,"column":20}},"2":{"start":{"line":8,"column":4},"end":{"line":8,"column":67}},"3":{"start":{"line":9,"column":4},"end":{"line":9,"column":70}},"4":{"start":{"line":12,"column":2},"end":{"line":14,"column":null}},"5":{"start":{"line":13,"column":4},"end":{"line":13,"column":24}},"6":{"start":{"line":17,"column":4},"end":{"line":21,"column":null}},"7":{"start":{"line":18,"column":6},"end":{"line":18,"column":27}},"8":{"start":{"line":20,"column":6},"end":{"line":20,"column":48}},"9":{"start":{"line":24,"column":2},"end":{"line":26,"column":null}},"10":{"start":{"line":25,"column":4},"end":{"line":25,"column":25}},"11":{"start":{"line":29,"column":4},"end":{"line":31,"column":null}},"12":{"start":{"line":30,"column":6},"end":{"line":30,"column":28}},"13":{"start":{"line":32,"column":4},"end":{"line":32,"column":47}},"14":{"start":{"line":35,"column":2},"end":{"line":37,"column":null}},"15":{"start":{"line":36,"column":4},"end":{"line":36,"column":23}},"16":{"start":{"line":39,"column":2},"end":{"line":46,"column":null}},"17":{"start":{"line":40,"column":4},"end":{"line":43,"column":null}},"18":{"start":{"line":41,"column":6},"end":{"line":41,"column":27}},"19":{"start":{"line":42,"column":6},"end":{"line":42,"column":18}},"20":{"start":{"line":45,"column":4},"end":{"line":45,"column":17}},"21":{"start":{"line":48,"column":2},"end":{"line":55,"column":null}},"22":{"start":{"line":49,"column":4},"end":{"line":52,"column":null}},"23":{"start":{"line":50,"column":6},"end":{"line":50,"column":27}},"24":{"start":{"line":51,"column":6},"end":{"line":51,"column":18}},"25":{"start":{"line":54,"column":4},"end":{"line":54,"column":17}},"26":{"start":{"line":57,"column":10},"end":{"line":65,"column":null}},"27":{"start":{"line":58,"column":18},"end":{"line":58,"column":33}},"28":{"start":{"line":60,"column":4},"end":{"line":63,"column":null}},"29":{"start":{"line":61,"column":6},"end":{"line":61,"column":28}},"30":{"start":{"line":62,"column":6},"end":{"line":62,"column":18}},"31":{"start":{"line":64,"column":4},"end":{"line":64,"column":17}},"32":{"start":{"line":67,"column":10},"end":{"line":75,"column":null}},"33":{"start":{"line":68,"column":18},"end":{"line":68,"column":33}},"34":{"start":{"line":69,"column":4},"end":{"line":74,"column":null}},"35":{"start":{"line":70,"column":6},"end":{"line":70,"column":30}},"36":{"start":{"line":71,"column":6},"end":{"line":71,"column":18}},"37":{"start":{"line":73,"column":6},"end":{"line":73,"column":19}},"38":{"start":{"line":76,"column":0},"end":{"line":76,"column":null}},"39":{"start":{"line":1,"column":13},"end":{"line":1,"column":26}}},"fnMap":{"0":{"name":"(anonymous_0)","decl":{"start":{"line":1,"column":0},"end":{"line":1,"column":13}},"loc":{"start":{"line":1,"column":0},"end":{"line":76,"column":null}}},"1":{"name":"ContaBancaria","decl":{"start":{"line":6,"column":2},"end":{"line":6,"column":14}},"loc":{"start":{"line":6,"column":47},"end":{"line":10,"column":3}}},"2":{"name":"(anonymous_2)","decl":{"start":{"line":12,"column":2},"end":{"line":12,"column":6}},"loc":{"start":{"line":12,"column":2},"end":{"line":14,"column":3}}},"3":{"name":"(anonymous_3)","decl":{"start":{"line":16,"column":2},"end":{"line":16,"column":13}},"loc":{"start":{"line":16,"column":26},"end":{"line":22,"column":3}}},"4":{"name":"(anonymous_4)","decl":{"start":{"line":24,"column":2},"end":{"line":24,"column":6}},"loc":{"start":{"line":24,"column":2},"end":{"line":26,"column":3}}},"5":{"name":"(anonymous_5)","decl":{"start":{"line":28,"column":2},"end":{"line":28,"column":14}},"loc":{"start":{"line":28,"column":27},"end":{"line":33,"column":3}}},"6":{"name":"(anonymous_6)","decl":{"start":{"line":35,"column":2},"end":{"line":35,"column":11}},"loc":{"start":{"line":35,"column":2},"end":{"line":37,"column":3}}},"7":{"name":"(anonymous_7)","decl":{"start":{"line":39,"column":2},"end":{"line":39,"column":11}},"loc":{"start":{"line":39,"column":25},"end":{"line":46,"column":3}}},"8":{"name":"(anonymous_8)","decl":{"start":{"line":48,"column":2},"end":{"line":48,"column":7}},"loc":{"start":{"line":48,"column":21},"end":{"line":55,"column":3}}},"9":{"name":"(anonymous_9)","decl":{"start":{"line":57,"column":2},"end":{"line":57,"column":10}},"loc":{"start":{"line":57,"column":39},"end":{"line":65,"column":3}}},"10":{"name":"(anonymous_10)","decl":{"start":{"line":67,"column":2},"end":{"line":67,"column":10}},"loc":{"start":{"line":67,"column":41},"end":{"line":75,"column":3}}}},"branchMap":{"0":{"loc":{"start":{"line":8,"column":18},"end":{"line":8,"column":66}},"type":"cond-expr","locations":[{"start":{"line":8,"column":48},"end":{"line":8,"column":54}},{"start":{"line":8,"column":57},"end":{"line":8,"column":66}}]},"1":{"loc":{"start":{"line":9,"column":19},"end":{"line":9,"column":69}},"type":"cond-expr","locations":[{"start":{"line":9,"column":51},"end":{"line":9,"column":58}},{"start":{"line":9,"column":61},"end":{"line":9,"column":69}}]},"2":{"loc":{"start":{"line":17,"column":4},"end":{"line":21,"column":null}},"type":"if","locations":[{"start":{"line":17,"column":4},"end":{"line":21,"column":null}},{"start":{"line":19,"column":11},"end":{"line":21,"column":null}}]},"3":{"loc":{"start":{"line":29,"column":4},"end":{"line":31,"column":null}},"type":"if","locations":[{"start":{"line":29,"column":4},"end":{"line":31,"column":null}}]},"4":{"loc":{"start":{"line":40,"column":4},"end":{"line":43,"column":null}},"type":"if","locations":[{"start":{"line":40,"column":4},"end":{"line":43,"column":null}}]},"5":{"loc":{"start":{"line":49,"column":4},"end":{"line":52,"column":null}},"type":"if","locations":[{"start":{"line":49,"column":4},"end":{"line":52,"column":null}}]},"6":{"loc":{"start":{"line":49,"column":8},"end":{"line":49,"column":42}},"type":"binary-expr","locations":[{"start":{"line":49,"column":8},"end":{"line":49,"column":18}},{"start":{"line":49,"column":22},"end":{"line":49,"column":42}}]},"7":{"loc":{"start":{"line":60,"column":4},"end":{"line":63,"column":null}},"type":"if","locations":[{"start":{"line":60,"column":4},"end":{"line":63,"column":null}}]},"8":{"loc":{"start":{"line":69,"column":4},"end":{"line":74,"column":null}},"type":"if","locations":[{"start":{"line":69,"column":4},"end":{"line":74,"column":null}},{"start":{"line":72,"column":11},"end":{"line":74,"column":null}}]}},"s":{"0":1,"1":5,"2":5,"3":5,"4":1,"5":2,"6":5,"7":5,"8":0,"9":1,"10":2,"11":5,"12":5,"13":5,"14":1,"15":3,"16":1,"17":4,"18":4,"19":4,"20":0,"21":1,"22":1,"23":1,"24":1,"25":0,"26":1,"27":10,"28":10,"29":6,"30":6,"31":4,"32":1,"33":10,"34":10,"35":6,"36":6,"37":4,"38":1,"39":1},"f":{"0":1,"1":5,"2":2,"3":5,"4":2,"5":5,"6":3,"7":4,"8":1,"9":10,"10":10},"b":{"0":[1,4],"1":[1,4],"2":[5,0],"3":[5],"4":[4],"5":[1],"6":[1,1],"7":[6],"8":[6,4]}}
}
