TN:
SF:src/models/ContaBancaria.ts
FN:1,(anonymous_0)
FN:6,ContaBancaria
FN:12,(anonymous_2)
FN:16,(anonymous_3)
FN:24,(anonymous_4)
FN:28,(anonymous_5)
FN:35,(anonymous_6)
FN:39,(anonymous_7)
FN:48,(anonymous_8)
FN:57,(anonymous_9)
FN:67,(anonymous_10)
FNF:11
FNH:11
FNDA:1,(anonymous_0)
FNDA:5,ContaBancaria
FNDA:2,(anonymous_2)
FNDA:5,(anonymous_3)
FNDA:2,(anonymous_4)
FNDA:5,(anonymous_5)
FNDA:3,(anonymous_6)
FNDA:4,(anonymous_7)
FNDA:1,(anonymous_8)
FNDA:10,(anonymous_9)
FNDA:10,(anonymous_10)
DA:1,1
DA:7,5
DA:8,5
DA:9,5
DA:12,1
DA:13,2
DA:17,5
DA:18,5
DA:20,0
DA:24,1
DA:25,2
DA:29,5
DA:30,5
DA:32,5
DA:35,1
DA:36,3
DA:39,1
DA:40,4
DA:41,4
DA:42,4
DA:45,0
DA:48,1
DA:49,1
DA:50,1
DA:51,1
DA:54,0
DA:57,1
DA:58,10
DA:60,10
DA:61,6
DA:62,6
DA:64,4
DA:67,1
DA:68,10
DA:69,10
DA:70,6
DA:71,6
DA:73,4
DA:76,1
LF:39
LH:36
BRDA:8,0,0,1
BRDA:8,0,1,4
BRDA:9,1,0,1
BRDA:9,1,1,4
BRDA:17,2,0,5
BRDA:17,2,1,0
BRDA:29,3,0,5
BRDA:40,4,0,4
BRDA:49,5,0,1
BRDA:49,6,0,1
BRDA:49,6,1,1
BRDA:60,7,0,6
BRDA:69,8,0,6
BRDA:69,8,1,4
BRF:14
BRH:13
end_of_record
